TN:
SF:src/lib/db/index.ts
FN:27,load
FN:46,saveAsync
FN:50,(anonymous_2)
FN:60,save
FN:65,getStore
FN:67,createTaskAsync
FN:70,(anonymous_6)
FN:85,createTask
FN:95,deleteTask
FN:98,(anonymous_9)
FN:103,getTask
FN:104,(anonymous_11)
FN:107,updateTaskAsync
FN:110,(anonymous_13)
FN:114,(anonymous_14)
FN:130,updateTask
FN:132,(anonymous_16)
FN:145,listTasks
FN:147,(anonymous_18)
FN:148,(anonymous_19)
FN:149,(anonymous_20)
FN:152,getKanban
FN:161,addPainPoint
FN:170,listPainPoints
FN:171,(anonymous_24)
FN:174,getPainPoint
FN:175,(anonymous_26)
FN:178,updatePainPoint
FN:180,(anonymous_28)
FN:187,deletePainPoint
FN:190,(anonymous_30)
FN:197,addOpportunity
FN:206,listOpportunities
FN:207,(anonymous_33)
FN:210,getOpportunity
FN:211,(anonymous_35)
FN:214,updateOpportunity
FN:216,(anonymous_37)
FN:228,addPipelineRun
FN:238,listPipelineRuns
FN:239,(anonymous_40)
FN:242,getPipelineRun
FN:243,(anonymous_42)
FN:246,updatePipelineRunAsync
FN:249,(anonymous_44)
FN:253,(anonymous_45)
FN:263,updatePipelineRun
FN:265,(anonymous_47)
FN:272,deletePipelineRun
FN:275,(anonymous_49)
FN:282,addContentPiece
FN:292,listContentPieces
FN:293,(anonymous_52)
FN:294,(anonymous_53)
FN:295,(anonymous_54)
FN:299,getContentPiece
FN:300,(anonymous_56)
FN:303,updateContentPiece
FN:305,(anonymous_58)
FN:312,deleteContentPiece
FN:315,(anonymous_60)
FNF:61
FNH:28
FNDA:37,load
FNDA:0,saveAsync
FNDA:0,(anonymous_2)
FNDA:20,save
FNDA:0,getStore
FNDA:0,createTaskAsync
FNDA:0,(anonymous_6)
FNDA:7,createTask
FNDA:2,deleteTask
FNDA:373,(anonymous_9)
FNDA:2,getTask
FNDA:374,(anonymous_11)
FNDA:2,updateTaskAsync
FNDA:2,(anonymous_13)
FNDA:376,(anonymous_14)
FNDA:2,updateTask
FNDA:368,(anonymous_16)
FNDA:5,listTasks
FNDA:0,(anonymous_18)
FNDA:186,(anonymous_19)
FNDA:811,(anonymous_20)
FNDA:0,getKanban
FNDA:3,addPainPoint
FNDA:5,listPainPoints
FNDA:365,(anonymous_24)
FNDA:0,getPainPoint
FNDA:0,(anonymous_26)
FNDA:1,updatePainPoint
FNDA:22,(anonymous_28)
FNDA:1,deletePainPoint
FNDA:23,(anonymous_30)
FNDA:1,addOpportunity
FNDA:3,listOpportunities
FNDA:23,(anonymous_33)
FNDA:0,getOpportunity
FNDA:0,(anonymous_35)
FNDA:0,updateOpportunity
FNDA:0,(anonymous_37)
FNDA:2,addPipelineRun
FNDA:0,listPipelineRuns
FNDA:0,(anonymous_40)
FNDA:0,getPipelineRun
FNDA:0,(anonymous_42)
FNDA:0,updatePipelineRunAsync
FNDA:0,(anonymous_44)
FNDA:0,(anonymous_45)
FNDA:1,updatePipelineRun
FNDA:106,(anonymous_47)
FNDA:0,deletePipelineRun
FNDA:0,(anonymous_49)
FNDA:0,addContentPiece
FNDA:0,listContentPieces
FNDA:0,(anonymous_52)
FNDA:0,(anonymous_53)
FNDA:0,(anonymous_54)
FNDA:0,getContentPiece
FNDA:0,(anonymous_56)
FNDA:0,updateContentPiece
FNDA:0,(anonymous_58)
FNDA:0,deleteContentPiece
FNDA:0,(anonymous_60)
DA:2,1
DA:3,1
DA:6,1
DA:7,1
DA:10,1
DA:25,1
DA:28,37
DA:29,1
DA:30,1
DA:31,1
DA:33,1
DA:34,1
DA:35,1
DA:36,1
DA:38,0
DA:39,0
DA:41,1
DA:47,0
DA:48,0
DA:50,0
DA:51,0
DA:52,0
DA:53,0
DA:55,0
DA:61,20
DA:62,20
DA:65,1
DA:67,1
DA:68,0
DA:70,0
DA:71,0
DA:72,0
DA:73,0
DA:74,0
DA:75,0
DA:76,0
DA:77,0
DA:78,0
DA:79,0
DA:81,0
DA:85,1
DA:86,7
DA:87,7
DA:88,7
DA:89,7
DA:90,7
DA:91,7
DA:92,7
DA:95,1
DA:96,2
DA:97,2
DA:98,373
DA:99,2
DA:100,1
DA:103,1
DA:104,374
DA:107,1
DA:108,2
DA:110,2
DA:111,2
DA:112,2
DA:113,2
DA:114,376
DA:115,2
DA:116,2
DA:117,2
DA:118,2
DA:119,2
DA:120,2
DA:122,2
DA:123,2
DA:124,2
DA:126,2
DA:130,1
DA:131,2
DA:132,368
DA:133,2
DA:134,1
DA:135,1
DA:136,2
DA:137,2
DA:138,2
DA:140,1
DA:141,1
DA:142,1
DA:145,1
DA:146,5
DA:147,5
DA:148,186
DA:149,811
DA:152,1
DA:153,0
DA:154,0
DA:155,0
DA:156,0
DA:161,1
DA:162,3
DA:163,3
DA:164,3
DA:165,3
DA:166,3
DA:167,3
DA:170,1
DA:171,365
DA:174,1
DA:175,0
DA:178,1
DA:179,1
DA:180,22
DA:181,1
DA:182,1
DA:183,1
DA:184,1
DA:187,1
DA:188,1
DA:189,1
DA:190,23
DA:191,1
DA:192,0
DA:197,1
DA:198,1
DA:199,1
DA:200,1
DA:201,1
DA:202,1
DA:203,1
DA:206,1
DA:207,23
DA:210,1
DA:211,0
DA:214,1
DA:215,0
DA:216,0
DA:217,0
DA:218,0
DA:219,0
DA:220,0
DA:228,1
DA:229,2
DA:230,2
DA:231,2
DA:232,2
DA:233,2
DA:234,2
DA:235,2
DA:238,1
DA:239,0
DA:242,1
DA:243,0
DA:246,1
DA:247,0
DA:249,0
DA:250,0
DA:251,0
DA:252,0
DA:253,0
DA:254,0
DA:255,0
DA:256,0
DA:257,0
DA:259,0
DA:263,1
DA:264,1
DA:265,106
DA:266,1
DA:267,1
DA:268,1
DA:269,1
DA:272,1
DA:273,0
DA:274,0
DA:275,0
DA:276,0
DA:277,0
DA:282,1
DA:283,0
DA:284,0
DA:285,0
DA:286,0
DA:287,0
DA:288,0
DA:289,0
DA:292,1
DA:293,0
DA:294,0
DA:295,0
DA:296,0
DA:299,1
DA:300,0
DA:303,1
DA:304,0
DA:305,0
DA:306,0
DA:307,0
DA:308,0
DA:309,0
DA:312,1
DA:313,0
DA:314,0
DA:315,0
DA:316,0
DA:317,0
LF:202
LH:127
BRDA:28,0,0,36
BRDA:28,0,1,1
BRDA:29,1,0,0
BRDA:29,1,1,1
BRDA:30,2,0,1
BRDA:30,2,1,0
BRDA:33,3,0,1
BRDA:33,3,1,0
BRDA:34,4,0,1
BRDA:34,4,1,0
BRDA:35,5,0,1
BRDA:35,5,1,0
BRDA:47,6,0,0
BRDA:47,6,1,0
BRDA:61,7,0,0
BRDA:61,7,1,20
BRDA:76,8,0,0
BRDA:76,8,1,0
BRDA:76,9,0,0
BRDA:76,9,1,0
BRDA:76,10,0,0
BRDA:76,10,1,0
BRDA:76,11,0,0
BRDA:76,11,1,0
BRDA:89,12,0,7
BRDA:89,12,1,6
BRDA:89,13,0,7
BRDA:89,13,1,0
BRDA:89,14,0,7
BRDA:89,14,1,0
BRDA:89,15,0,7
BRDA:89,15,1,7
BRDA:99,16,0,1
BRDA:99,16,1,1
BRDA:104,17,0,2
BRDA:104,17,1,1
BRDA:115,18,0,0
BRDA:115,18,1,2
BRDA:118,19,0,0
BRDA:118,19,1,2
BRDA:118,20,0,2
BRDA:118,20,1,2
BRDA:120,21,0,0
BRDA:120,21,1,2
BRDA:120,22,0,2
BRDA:120,22,1,0
BRDA:133,23,0,1
BRDA:133,23,1,1
BRDA:136,24,0,0
BRDA:136,24,1,2
BRDA:136,25,0,2
BRDA:136,25,1,2
BRDA:138,26,0,0
BRDA:138,26,1,2
BRDA:138,27,0,2
BRDA:138,27,1,1
BRDA:147,28,0,0
BRDA:147,28,1,5
BRDA:147,29,0,4
BRDA:147,29,1,1
BRDA:147,30,0,5
BRDA:147,30,1,5
BRDA:148,31,0,1
BRDA:148,31,1,4
BRDA:148,32,0,4
BRDA:148,32,1,1
BRDA:148,33,0,5
BRDA:148,33,1,5
BRDA:155,34,0,0
BRDA:155,34,1,0
BRDA:171,35,0,5
BRDA:171,35,1,0
BRDA:175,36,0,0
BRDA:175,36,1,0
BRDA:175,37,0,0
BRDA:175,37,1,0
BRDA:181,38,0,0
BRDA:181,38,1,1
BRDA:191,39,0,1
BRDA:191,39,1,0
BRDA:207,40,0,3
BRDA:207,40,1,0
BRDA:211,41,0,0
BRDA:211,41,1,0
BRDA:211,42,0,0
BRDA:211,42,1,0
BRDA:217,43,0,0
BRDA:217,43,1,0
BRDA:239,44,0,0
BRDA:239,44,1,0
BRDA:243,45,0,0
BRDA:243,45,1,0
BRDA:243,46,0,0
BRDA:243,46,1,0
BRDA:254,47,0,0
BRDA:254,47,1,0
BRDA:266,48,0,0
BRDA:266,48,1,1
BRDA:276,49,0,0
BRDA:276,49,1,0
BRDA:293,50,0,0
BRDA:293,50,1,0
BRDA:294,51,0,0
BRDA:294,51,1,0
BRDA:294,52,0,0
BRDA:294,52,1,0
BRDA:294,53,0,0
BRDA:294,53,1,0
BRDA:295,54,0,0
BRDA:295,54,1,0
BRDA:295,55,0,0
BRDA:295,55,1,0
BRDA:295,56,0,0
BRDA:295,56,1,0
BRDA:300,57,0,0
BRDA:300,57,1,0
BRDA:300,58,0,0
BRDA:300,58,1,0
BRDA:306,59,0,0
BRDA:306,59,1,0
BRDA:316,60,0,0
BRDA:316,60,1,0
BRF:122
BRH:48
end_of_record
TN:
SF:src/lib/services/llm-content.ts
FN:10,loadOpenClawConfig
FN:20,loadEnvFile
FN:35,getEnv
FN:50,buildProviderMap
FN:88,resolveProvider
FN:165,callLLM
FN:227,(anonymous_7)
FN:238,generateArticle
FN:250,humanizeArticle
FN:259,generateVisualDescription
FNF:10
FNH:5
FNDA:2,loadOpenClawConfig
FNDA:2,loadEnvFile
FNDA:10,getEnv
FNDA:2,buildProviderMap
FNDA:1,resolveProvider
FNDA:0,callLLM
FNDA:0,(anonymous_7)
FNDA:0,generateArticle
FNDA:0,humanizeArticle
FNDA:0,generateVisualDescription
DA:5,1
DA:6,1
DA:7,1
DA:11,2
DA:12,2
DA:13,2
DA:14,0
DA:15,0
DA:21,2
DA:22,2
DA:23,2
DA:24,2
DA:25,2
DA:26,36
DA:27,36
DA:31,2
DA:36,10
DA:37,2
DA:38,2
DA:39,0
DA:40,0
DA:41,0
DA:42,0
DA:46,1
DA:47,1
DA:48,1
DA:51,2
DA:52,2
DA:54,1
DA:55,1
DA:56,1
DA:57,1
DA:59,1
DA:60,11
DA:61,11
DA:63,11
DA:64,11
DA:65,10
DA:66,10
DA:69,11
DA:71,11
DA:72,262
DA:73,262
DA:77,1
DA:78,1
DA:79,1
DA:80,1
DA:89,1
DA:92,1
DA:95,1
DA:96,1
DA:97,0
DA:98,0
DA:100,0
DA:101,0
DA:102,0
DA:106,1
DA:111,1
DA:137,1
DA:157,1
DA:166,0
DA:167,0
DA:168,0
DA:169,0
DA:171,0
DA:173,0
DA:175,0
DA:176,0
DA:177,0
DA:178,0
DA:188,0
DA:189,0
DA:191,0
DA:198,0
DA:199,0
DA:201,0
DA:202,0
DA:204,0
DA:205,0
DA:208,0
DA:209,0
DA:210,0
DA:211,0
DA:212,0
DA:213,0
DA:214,0
DA:215,0
DA:216,0
DA:217,0
DA:219,0
DA:220,0
DA:222,0
DA:224,0
DA:225,0
DA:226,0
DA:227,0
DA:228,0
DA:230,0
DA:231,0
DA:234,0
DA:238,1
DA:239,0
DA:240,0
DA:241,0
DA:242,0
DA:244,0
DA:247,0
DA:250,1
DA:251,0
DA:252,0
DA:253,0
DA:256,0
DA:259,1
DA:260,0
DA:261,0
DA:263,0
DA:268,1
LF:117
LH:53
BRDA:13,0,0,2
BRDA:13,0,1,0
BRDA:24,1,0,2
BRDA:24,1,1,0
BRDA:27,2,0,26
BRDA:27,2,1,10
BRDA:36,3,0,8
BRDA:36,3,1,2
BRDA:38,4,0,2
BRDA:38,4,1,0
BRDA:40,5,0,0
BRDA:40,5,1,0
BRDA:41,6,0,0
BRDA:41,6,1,0
BRDA:52,7,0,1
BRDA:52,7,1,1
BRDA:52,8,0,2
BRDA:52,8,1,1
BRDA:55,9,0,1
BRDA:55,9,1,0
BRDA:55,10,0,0
BRDA:55,10,1,1
BRDA:55,11,0,1
BRDA:55,11,1,1
BRDA:55,12,0,0
BRDA:55,12,1,1
BRDA:55,13,0,1
BRDA:55,13,1,1
BRDA:61,14,0,0
BRDA:61,14,1,11
BRDA:61,15,0,11
BRDA:61,15,1,11
BRDA:61,16,0,0
BRDA:61,16,1,11
BRDA:61,17,0,11
BRDA:61,17,1,11
BRDA:63,18,0,11
BRDA:63,18,1,0
BRDA:64,19,0,10
BRDA:64,19,1,1
BRDA:64,20,0,11
BRDA:64,20,1,10
BRDA:66,21,0,10
BRDA:66,21,1,10
BRDA:69,22,0,11
BRDA:69,22,1,0
BRDA:72,23,0,262
BRDA:72,23,1,0
BRDA:73,24,0,262
BRDA:73,24,1,0
BRDA:92,25,0,0
BRDA:92,25,1,1
BRDA:96,26,0,0
BRDA:96,26,1,1
BRDA:98,27,0,0
BRDA:98,27,1,0
BRDA:102,28,0,0
BRDA:102,28,1,0
BRDA:102,29,0,0
BRDA:102,29,1,0
BRDA:102,29,2,0
BRDA:165,30,0,0
BRDA:167,31,0,0
BRDA:167,31,1,0
BRDA:171,32,0,0
BRDA:171,32,1,0
BRDA:189,33,0,0
BRDA:189,33,1,0
BRDA:199,34,0,0
BRDA:199,34,1,0
BRDA:199,35,0,0
BRDA:199,35,1,0
BRDA:201,36,0,0
BRDA:201,36,1,0
BRDA:201,37,0,0
BRDA:201,37,1,0
BRDA:201,38,0,0
BRDA:201,38,1,0
BRDA:201,39,0,0
BRDA:201,39,1,0
BRDA:201,40,0,0
BRDA:201,40,1,0
BRDA:201,41,0,0
BRDA:201,41,1,0
BRDA:201,42,0,0
BRDA:201,42,1,0
BRDA:202,43,0,0
BRDA:202,43,1,0
BRDA:204,44,0,0
BRDA:204,44,1,0
BRDA:205,45,0,0
BRDA:205,45,1,0
BRDA:209,46,0,0
BRDA:209,46,1,0
BRDA:210,47,0,0
BRDA:210,47,1,0
BRDA:211,48,0,0
BRDA:211,48,1,0
BRDA:220,49,0,0
BRDA:220,49,1,0
BRDA:226,50,0,0
BRDA:226,50,1,0
BRDA:226,51,0,0
BRDA:226,51,1,0
BRDA:234,52,0,0
BRDA:234,52,1,0
BRF:106
BRH:36
end_of_record
