TN:
SF:src/lib/db/index.ts
FN:27,load
FN:45,saveAsync
FN:49,(anonymous_2)
FN:59,save
FN:64,getStore
FN:66,createTaskAsync
FN:69,(anonymous_6)
FN:84,createTask
FN:94,deleteTask
FN:97,(anonymous_9)
FN:102,getTask
FN:103,(anonymous_11)
FN:106,updateTaskAsync
FN:109,(anonymous_13)
FN:113,(anonymous_14)
FN:129,updateTask
FN:131,(anonymous_16)
FN:144,listTasks
FN:146,(anonymous_18)
FN:147,(anonymous_19)
FN:148,(anonymous_20)
FN:151,getKanban
FN:160,addPainPoint
FN:169,listPainPoints
FN:170,(anonymous_24)
FN:173,getPainPoint
FN:174,(anonymous_26)
FN:177,updatePainPoint
FN:179,(anonymous_28)
FN:186,deletePainPoint
FN:189,(anonymous_30)
FN:196,addOpportunity
FN:205,listOpportunities
FN:206,(anonymous_33)
FN:209,getOpportunity
FN:210,(anonymous_35)
FN:213,updateOpportunity
FN:215,(anonymous_37)
FN:227,addPipelineRun
FN:237,listPipelineRuns
FN:238,(anonymous_40)
FN:241,getPipelineRun
FN:242,(anonymous_42)
FN:245,updatePipelineRunAsync
FN:248,(anonymous_44)
FN:252,(anonymous_45)
FN:262,updatePipelineRun
FN:264,(anonymous_47)
FN:271,deletePipelineRun
FN:274,(anonymous_49)
FN:281,addContentPiece
FN:291,listContentPieces
FN:292,(anonymous_52)
FN:293,(anonymous_53)
FN:294,(anonymous_54)
FN:298,getContentPiece
FN:299,(anonymous_56)
FN:302,updateContentPiece
FN:304,(anonymous_58)
FN:311,deleteContentPiece
FN:314,(anonymous_60)
FNF:61
FNH:14
FNDA:15,load
FNDA:0,saveAsync
FNDA:0,(anonymous_2)
FNDA:11,save
FNDA:0,getStore
FNDA:0,createTaskAsync
FNDA:0,(anonymous_6)
FNDA:5,createTask
FNDA:0,deleteTask
FNDA:0,(anonymous_9)
FNDA:0,getTask
FNDA:0,(anonymous_11)
FNDA:2,updateTaskAsync
FNDA:2,(anonymous_13)
FNDA:272,(anonymous_14)
FNDA:2,updateTask
FNDA:266,(anonymous_16)
FNDA:3,listTasks
FNDA:0,(anonymous_18)
FNDA:135,(anonymous_19)
FNDA:319,(anonymous_20)
FNDA:0,getKanban
FNDA:0,addPainPoint
FNDA:0,listPainPoints
FNDA:0,(anonymous_24)
FNDA:0,getPainPoint
FNDA:0,(anonymous_26)
FNDA:0,updatePainPoint
FNDA:0,(anonymous_28)
FNDA:0,deletePainPoint
FNDA:0,(anonymous_30)
FNDA:0,addOpportunity
FNDA:0,listOpportunities
FNDA:0,(anonymous_33)
FNDA:0,getOpportunity
FNDA:0,(anonymous_35)
FNDA:0,updateOpportunity
FNDA:0,(anonymous_37)
FNDA:2,addPipelineRun
FNDA:0,listPipelineRuns
FNDA:0,(anonymous_40)
FNDA:0,getPipelineRun
FNDA:0,(anonymous_42)
FNDA:0,updatePipelineRunAsync
FNDA:0,(anonymous_44)
FNDA:0,(anonymous_45)
FNDA:1,updatePipelineRun
FNDA:88,(anonymous_47)
FNDA:0,deletePipelineRun
FNDA:0,(anonymous_49)
FNDA:0,addContentPiece
FNDA:0,listContentPieces
FNDA:0,(anonymous_52)
FNDA:0,(anonymous_53)
FNDA:0,(anonymous_54)
FNDA:0,getContentPiece
FNDA:0,(anonymous_56)
FNDA:0,updateContentPiece
FNDA:0,(anonymous_58)
FNDA:0,deleteContentPiece
FNDA:0,(anonymous_60)
DA:2,1
DA:3,1
DA:6,1
DA:7,1
DA:10,1
DA:25,1
DA:28,15
DA:29,1
DA:30,1
DA:31,1
DA:33,1
DA:34,1
DA:35,1
DA:36,1
DA:38,0
DA:39,0
DA:41,1
DA:46,0
DA:47,0
DA:49,0
DA:50,0
DA:51,0
DA:52,0
DA:54,0
DA:60,11
DA:61,11
DA:64,1
DA:66,1
DA:67,0
DA:69,0
DA:70,0
DA:71,0
DA:72,0
DA:73,0
DA:74,0
DA:75,0
DA:76,0
DA:77,0
DA:78,0
DA:80,0
DA:84,1
DA:85,5
DA:86,5
DA:87,5
DA:88,5
DA:89,5
DA:90,5
DA:91,5
DA:94,1
DA:95,0
DA:96,0
DA:97,0
DA:98,0
DA:99,0
DA:102,1
DA:103,0
DA:106,1
DA:107,2
DA:109,2
DA:110,2
DA:111,2
DA:112,2
DA:113,272
DA:114,2
DA:115,2
DA:116,2
DA:117,2
DA:118,2
DA:119,2
DA:121,2
DA:122,2
DA:123,2
DA:125,2
DA:129,1
DA:130,2
DA:131,266
DA:132,2
DA:133,1
DA:134,1
DA:135,2
DA:136,2
DA:137,2
DA:139,1
DA:140,1
DA:141,1
DA:144,1
DA:145,3
DA:146,3
DA:147,135
DA:148,319
DA:151,1
DA:152,0
DA:153,0
DA:154,0
DA:155,0
DA:160,1
DA:161,0
DA:162,0
DA:163,0
DA:164,0
DA:165,0
DA:166,0
DA:169,1
DA:170,0
DA:173,1
DA:174,0
DA:177,1
DA:178,0
DA:179,0
DA:180,0
DA:181,0
DA:182,0
DA:183,0
DA:186,1
DA:187,0
DA:188,0
DA:189,0
DA:190,0
DA:191,0
DA:196,1
DA:197,0
DA:198,0
DA:199,0
DA:200,0
DA:201,0
DA:202,0
DA:205,1
DA:206,0
DA:209,1
DA:210,0
DA:213,1
DA:214,0
DA:215,0
DA:216,0
DA:217,0
DA:218,0
DA:219,0
DA:227,1
DA:228,2
DA:229,2
DA:230,2
DA:231,2
DA:232,2
DA:233,2
DA:234,2
DA:237,1
DA:238,0
DA:241,1
DA:242,0
DA:245,1
DA:246,0
DA:248,0
DA:249,0
DA:250,0
DA:251,0
DA:252,0
DA:253,0
DA:254,0
DA:255,0
DA:256,0
DA:258,0
DA:262,1
DA:263,1
DA:264,88
DA:265,1
DA:266,1
DA:267,1
DA:268,1
DA:271,1
DA:272,0
DA:273,0
DA:274,0
DA:275,0
DA:276,0
DA:281,1
DA:282,0
DA:283,0
DA:284,0
DA:285,0
DA:286,0
DA:287,0
DA:288,0
DA:291,1
DA:292,0
DA:293,0
DA:294,0
DA:295,0
DA:298,1
DA:299,0
DA:302,1
DA:303,0
DA:304,0
DA:305,0
DA:306,0
DA:307,0
DA:308,0
DA:311,1
DA:312,0
DA:313,0
DA:314,0
DA:315,0
DA:316,0
LF:202
LH:97
BRDA:28,0,0,14
BRDA:28,0,1,1
BRDA:29,1,0,0
BRDA:29,1,1,1
BRDA:30,2,0,1
BRDA:30,2,1,0
BRDA:33,3,0,1
BRDA:33,3,1,0
BRDA:34,4,0,1
BRDA:34,4,1,0
BRDA:35,5,0,1
BRDA:35,5,1,0
BRDA:46,6,0,0
BRDA:46,6,1,0
BRDA:60,7,0,0
BRDA:60,7,1,11
BRDA:75,8,0,0
BRDA:75,8,1,0
BRDA:75,9,0,0
BRDA:75,9,1,0
BRDA:75,10,0,0
BRDA:75,10,1,0
BRDA:75,11,0,0
BRDA:75,11,1,0
BRDA:88,12,0,5
BRDA:88,12,1,4
BRDA:88,13,0,5
BRDA:88,13,1,0
BRDA:88,14,0,5
BRDA:88,14,1,0
BRDA:88,15,0,5
BRDA:88,15,1,5
BRDA:98,16,0,0
BRDA:98,16,1,0
BRDA:103,17,0,0
BRDA:103,17,1,0
BRDA:114,18,0,0
BRDA:114,18,1,2
BRDA:117,19,0,0
BRDA:117,19,1,2
BRDA:117,20,0,2
BRDA:117,20,1,2
BRDA:119,21,0,0
BRDA:119,21,1,2
BRDA:119,22,0,2
BRDA:119,22,1,0
BRDA:132,23,0,1
BRDA:132,23,1,1
BRDA:135,24,0,0
BRDA:135,24,1,2
BRDA:135,25,0,2
BRDA:135,25,1,2
BRDA:137,26,0,0
BRDA:137,26,1,2
BRDA:137,27,0,2
BRDA:137,27,1,1
BRDA:146,28,0,0
BRDA:146,28,1,3
BRDA:146,29,0,2
BRDA:146,29,1,1
BRDA:146,30,0,3
BRDA:146,30,1,3
BRDA:147,31,0,1
BRDA:147,31,1,2
BRDA:147,32,0,2
BRDA:147,32,1,1
BRDA:147,33,0,3
BRDA:147,33,1,3
BRDA:154,34,0,0
BRDA:154,34,1,0
BRDA:170,35,0,0
BRDA:170,35,1,0
BRDA:174,36,0,0
BRDA:174,36,1,0
BRDA:174,37,0,0
BRDA:174,37,1,0
BRDA:180,38,0,0
BRDA:180,38,1,0
BRDA:190,39,0,0
BRDA:190,39,1,0
BRDA:206,40,0,0
BRDA:206,40,1,0
BRDA:210,41,0,0
BRDA:210,41,1,0
BRDA:210,42,0,0
BRDA:210,42,1,0
BRDA:216,43,0,0
BRDA:216,43,1,0
BRDA:238,44,0,0
BRDA:238,44,1,0
BRDA:242,45,0,0
BRDA:242,45,1,0
BRDA:242,46,0,0
BRDA:242,46,1,0
BRDA:253,47,0,0
BRDA:253,47,1,0
BRDA:265,48,0,0
BRDA:265,48,1,1
BRDA:275,49,0,0
BRDA:275,49,1,0
BRDA:292,50,0,0
BRDA:292,50,1,0
BRDA:293,51,0,0
BRDA:293,51,1,0
BRDA:293,52,0,0
BRDA:293,52,1,0
BRDA:293,53,0,0
BRDA:293,53,1,0
BRDA:294,54,0,0
BRDA:294,54,1,0
BRDA:294,55,0,0
BRDA:294,55,1,0
BRDA:294,56,0,0
BRDA:294,56,1,0
BRDA:299,57,0,0
BRDA:299,57,1,0
BRDA:299,58,0,0
BRDA:299,58,1,0
BRDA:305,59,0,0
BRDA:305,59,1,0
BRDA:315,60,0,0
BRDA:315,60,1,0
BRF:122
BRH:40
end_of_record
TN:
SF:src/lib/services/llm-content.ts
FN:10,loadOpenClawConfig
FN:20,loadEnvFile
FN:35,getEnv
FN:50,buildProviderMap
FN:88,resolveProvider
FN:165,callLLM
FN:227,(anonymous_7)
FN:238,generateArticle
FN:250,humanizeArticle
FN:261,generateVisualDescription
FNF:10
FNH:5
FNDA:1,loadOpenClawConfig
FNDA:2,loadEnvFile
FNDA:10,getEnv
FNDA:2,buildProviderMap
FNDA:1,resolveProvider
FNDA:0,callLLM
FNDA:0,(anonymous_7)
FNDA:0,generateArticle
FNDA:0,humanizeArticle
FNDA:0,generateVisualDescription
DA:5,1
DA:6,1
DA:7,1
DA:11,1
DA:12,1
DA:13,1
DA:14,0
DA:15,0
DA:21,2
DA:22,2
DA:23,2
DA:24,2
DA:25,2
DA:26,36
DA:27,36
DA:31,2
DA:36,10
DA:37,2
DA:38,2
DA:39,0
DA:40,0
DA:41,0
DA:42,0
DA:46,1
DA:47,1
DA:48,1
DA:51,2
DA:52,2
DA:54,1
DA:55,1
DA:56,1
DA:57,1
DA:59,1
DA:60,11
DA:61,11
DA:63,11
DA:64,11
DA:65,10
DA:66,10
DA:69,11
DA:71,11
DA:72,262
DA:73,262
DA:77,1
DA:78,1
DA:79,1
DA:80,1
DA:89,1
DA:92,1
DA:95,1
DA:96,1
DA:97,0
DA:98,0
DA:100,0
DA:101,0
DA:102,0
DA:106,1
DA:111,1
DA:137,1
DA:157,1
DA:166,0
DA:167,0
DA:168,0
DA:169,0
DA:171,0
DA:173,0
DA:175,0
DA:176,0
DA:177,0
DA:178,0
DA:188,0
DA:189,0
DA:191,0
DA:198,0
DA:199,0
DA:201,0
DA:202,0
DA:204,0
DA:205,0
DA:208,0
DA:209,0
DA:210,0
DA:211,0
DA:212,0
DA:213,0
DA:214,0
DA:215,0
DA:216,0
DA:217,0
DA:219,0
DA:220,0
DA:222,0
DA:224,0
DA:225,0
DA:226,0
DA:227,0
DA:228,0
DA:230,0
DA:231,0
DA:234,0
DA:238,1
DA:239,0
DA:240,0
DA:241,0
DA:242,0
DA:244,0
DA:247,0
DA:250,1
DA:251,0
DA:252,0
DA:253,0
DA:255,0
DA:258,0
DA:261,1
DA:262,0
DA:263,0
DA:265,0
DA:270,1
LF:118
LH:53
BRDA:13,0,0,1
BRDA:13,0,1,0
BRDA:24,1,0,2
BRDA:24,1,1,0
BRDA:27,2,0,26
BRDA:27,2,1,10
BRDA:36,3,0,8
BRDA:36,3,1,2
BRDA:38,4,0,2
BRDA:38,4,1,0
BRDA:40,5,0,0
BRDA:40,5,1,0
BRDA:41,6,0,0
BRDA:41,6,1,0
BRDA:52,7,0,1
BRDA:52,7,1,1
BRDA:52,8,0,2
BRDA:52,8,1,1
BRDA:55,9,0,1
BRDA:55,9,1,0
BRDA:55,10,0,0
BRDA:55,10,1,1
BRDA:55,11,0,1
BRDA:55,11,1,1
BRDA:55,12,0,0
BRDA:55,12,1,1
BRDA:55,13,0,1
BRDA:55,13,1,1
BRDA:61,14,0,0
BRDA:61,14,1,11
BRDA:61,15,0,11
BRDA:61,15,1,11
BRDA:61,16,0,0
BRDA:61,16,1,11
BRDA:61,17,0,11
BRDA:61,17,1,11
BRDA:63,18,0,11
BRDA:63,18,1,0
BRDA:64,19,0,10
BRDA:64,19,1,1
BRDA:64,20,0,11
BRDA:64,20,1,10
BRDA:66,21,0,10
BRDA:66,21,1,10
BRDA:69,22,0,11
BRDA:69,22,1,0
BRDA:72,23,0,262
BRDA:72,23,1,0
BRDA:73,24,0,262
BRDA:73,24,1,0
BRDA:92,25,0,0
BRDA:92,25,1,1
BRDA:96,26,0,0
BRDA:96,26,1,1
BRDA:98,27,0,0
BRDA:98,27,1,0
BRDA:102,28,0,0
BRDA:102,28,1,0
BRDA:102,29,0,0
BRDA:102,29,1,0
BRDA:102,29,2,0
BRDA:165,30,0,0
BRDA:167,31,0,0
BRDA:167,31,1,0
BRDA:171,32,0,0
BRDA:171,32,1,0
BRDA:189,33,0,0
BRDA:189,33,1,0
BRDA:199,34,0,0
BRDA:199,34,1,0
BRDA:199,35,0,0
BRDA:199,35,1,0
BRDA:201,36,0,0
BRDA:201,36,1,0
BRDA:201,37,0,0
BRDA:201,37,1,0
BRDA:201,38,0,0
BRDA:201,38,1,0
BRDA:201,39,0,0
BRDA:201,39,1,0
BRDA:201,40,0,0
BRDA:201,40,1,0
BRDA:201,41,0,0
BRDA:201,41,1,0
BRDA:201,42,0,0
BRDA:201,42,1,0
BRDA:202,43,0,0
BRDA:202,43,1,0
BRDA:204,44,0,0
BRDA:204,44,1,0
BRDA:205,45,0,0
BRDA:205,45,1,0
BRDA:209,46,0,0
BRDA:209,46,1,0
BRDA:210,47,0,0
BRDA:210,47,1,0
BRDA:211,48,0,0
BRDA:211,48,1,0
BRDA:220,49,0,0
BRDA:220,49,1,0
BRDA:226,50,0,0
BRDA:226,50,1,0
BRDA:226,51,0,0
BRDA:226,51,1,0
BRDA:234,52,0,0
BRDA:234,52,1,0
BRF:106
BRH:36
end_of_record
